<?xml version="1.0" encoding="UTF-8"?>
<!-- Generated by org.testng.reporters.JUnitXMLReporter -->
<testsuite hostname="DESKTOP-KCMKG2H" ignored="0" name="HRTestSuite" tests="8" failures="1" timestamp="12 Aug 2021 10:52:56 GMT" time="755.075" errors="0">
  <testcase name="VerifyCensusAndMapPages" time="74.935" classname="regHRscripts.UploadCensusPageVerificationNew"/>
  <testcase name="GarnishmentNotMapped" time="124.699" classname="regHRscripts.NoMapGarnishmentNew"/>
  <testcase name="ChangeCols" time="86.755" classname="regHRscripts.ChngColNamesNoMapNew"/>
  <testcase name="UploadSplCharInSalary" time="86.391" classname="regHRscripts.SpecialCharInSalaryNew"/>
  <testcase name="FirstNameUpdatedInDOB" time="85.571" classname="regHRscripts.FirstNameDOBNew"/>
  <testcase name="MapDuplicateColumn" time="71.913" classname="regHRscripts.MapDuplicateColumnsNew"/>
  <testcase name="MapIncorrectColumn" time="115.585" classname="regHRscripts.MapIncorrectColumnsNew"/>
  <testcase name="Upload$valueInSalary" time="108.493" classname="regHRscripts.DollarValueInSalaryew">
    <failure type="java.lang.AssertionError" message="expected [true] but found [false]">
      <![CDATA[java.lang.AssertionError: expected [true] but found [false]
at regHRscripts.DollarValueInSalaryew.Upload$valueInSalary(DollarValueInSalaryew.java:38)
... Removed 31 stack frames]]>
    </failure>
  </testcase> <!-- Upload$valueInSalary -->
</testsuite> <!-- HRTestSuite -->
