<?xml version="1.0" encoding="UTF-8"?>
<!-- Generated by org.testng.reporters.JUnitXMLReporter -->
<testsuite hostname="DESKTOP-KCMKG2H" ignored="0" name="RegLoanCustRejec" tests="11" failures="0" timestamp="04 Apr 2022 13:16:48 GMT" time="779.2" errors="0">
  <testcase name="NoCreditInvalidEmployees" time="37.676" classname="regLoansNewUI.NoCredit_CustTerm_Inac_EmpDeacti"/>
  <testcase name="NoCreditInvalidEmployees" time="37.973" classname="regLoansNewUI.NoCredit_CustTerm_Inac_EmpDeacti"/>
  <testcase name="NoCreditRedBlackoutEmpls" time="38.729" classname="regLoansNewUI.NoCredit_Red_Blackout"/>
  <testcase name="verifyGarnishment" time="50.042" classname="regLoansNewUI.NoCreditGarnishVerifyLoanRej"/>
  <testcase name="customer_Loan_Reject" time="88.982" classname="regLoansNewUI.NoCredit_Verify_Loan_Reject"/>
  <testcase name="customer_Loan_Reject" time="86.747" classname="regLoansNewUI.NoCredit_Verify_Loan_Reject"/>
  <testcase name="customer_Loan_Reject" time="86.427" classname="regLoansNewUI.NoCredit_Verify_Loan_Reject"/>
  <testcase name="customer_Loan_Reject" time="87.973" classname="regLoansNewUI.NoCredit_Verify_Loan_Reject"/>
  <testcase name="customer_Loan_Reject" time="85.818" classname="regLoansNewUI.NoCredit_Verify_Loan_Reject"/>
  <testcase name="customer_Loan_Reject" time="86.87" classname="regLoansNewUI.NoCredit_Verify_Loan_Reject"/>
  <testcase name="customer_Loan_Reject" time="91.173" classname="regLoansNewUI.NoCredit_Verify_Loan_Reject"/>
</testsuite> <!-- RegLoanCustRejec -->
