<?xml version="1.0" encoding="UTF-8"?>
<testsuite name="Regression"
           tests="5"
           failures="0"
           errors="0"
           skipped="0"
           time="94.073">
  <properties />
  
  
            <testcase name="verifyEmployment" time="14.972" classname="regloanscripts.Verify_Employment" />
                <testcase name="verifyEmployment" time="18.280" classname="regloanscripts.Verify_Employment" />
                <testcase name="verifyEmployment" time="15.160" classname="regloanscripts.Verify_Employment" />
                <testcase name="verifyEmployment" time="30.185" classname="regloanscripts.Verify_Employment" />
                <testcase name="verifyEmployment" time="15.476" classname="regloanscripts.Verify_Employment" />
      
</testsuite>
