<?xml version="1.0" encoding="UTF-8"?>
<!-- Generated by org.testng.reporters.JUnitXMLReporter -->
<testsuite hostname="DESKTOP-KCMKG2H" ignored="0" name="CIPTests" tests="6" failures="0" timestamp="06 Apr 2022 16:22:25 GMT" time="1111.122" errors="0">
  <testcase name="CIPClear" time="218.888" classname="regCIPscripts.CIPClearTests"/>
  <testcase name="CIPClear" time="213.773" classname="regCIPscripts.CIPClearTests"/>
  <testcase name="CIPFailureAppInfoTest" time="196.742" classname="regCIPscripts.CIPFailureAppInfo"/>
  <testcase name="CIPNotCleared" time="162.706" classname="regCIPscripts.CIPNotClearedTests"/>
  <testcase name="CIPNotCleared" time="161.99" classname="regCIPscripts.CIPNotClearedTests"/>
  <testcase name="CIPNotCleared" time="156.129" classname="regCIPscripts.CIPNotClearedTests"/>
</testsuite> <!-- CIPTests -->
