<?xml version="1.0" encoding="UTF-8"?>
<!-- Generated by org.testng.reporters.JUnitXMLReporter -->
<testsuite hostname="DESKTOP-KCMKG2H" ignored="0" name="CustomerTest" tests="6" failures="0" timestamp="15 Apr 2021 09:12:47 GMT" time="1029.994" errors="0">
  <testcase name="CIPClear" time="197.422" classname="regCIPscripts.CIPClearTests"/>
  <testcase name="CIPClear" time="189.837" classname="regCIPscripts.CIPClearTests"/>
  <testcase name="CIPFailureAppInfoTest" time="179.855" classname="regCIPscripts.CIPFailureAppInfo"/>
  <testcase name="CIPNotCleared" time="150.488" classname="regCIPscripts.CIPNotClearedTests"/>
  <testcase name="CIPNotCleared" time="156.126" classname="regCIPscripts.CIPNotClearedTests"/>
  <testcase name="CIPNotCleared" time="155.935" classname="regCIPscripts.CIPNotClearedTests"/>
</testsuite> <!-- CustomerTest -->
