<?xml version="1.0" encoding="UTF-8"?>
<testsuite name="CIPTests"
           tests="3"
           failures="0"
           errors="0"
           skipped="0"
           time="480.825">
  <properties />
  
  
            <testcase name="CIPNotCleared" time="156.129" classname="regCIPscripts.CIPNotClearedTests" />
                <testcase name="CIPNotCleared" time="161.990" classname="regCIPscripts.CIPNotClearedTests" />
                <testcase name="CIPNotCleared" time="162.706" classname="regCIPscripts.CIPNotClearedTests" />
      
</testsuite>
