<?xml version="1.0" encoding="UTF-8"?>
<testsuite name="Regression"
           tests="3"
           failures="0"
           errors="0"
           skipped="0"
           time="167.260">
  <properties />
  
  
            <testcase name="verifyReqNewLoanLink" time="68.861" classname="regloanscripts.CustTerminateOREmpDeactivate" />
                <testcase name="verifyReqNewLoanLink" time="48.768" classname="regloanscripts.CustTerminateOREmpDeactivate" />
                <testcase name="verifyReqNewLoanLink" time="49.631" classname="regloanscripts.CustTerminateOREmpDeactivate" />
      
</testsuite>
