<?xml version="1.0" encoding="UTF-8"?>
<testsuite name="Regression"
           tests="4"
           failures="0"
           errors="0"
           skipped="0"
           time="223.335">
  <properties />
  
  
            <testcase name="CreditFlowLightStream" time="55.513" classname="regLoansNewUI.CreditFlowExtLendLightStream" />
                <testcase name="CreditFlowLightStream" time="56.482" classname="regLoansNewUI.CreditFlowExtLendLightStream" />
                <testcase name="CreditFlowLightStream" time="55.753" classname="regLoansNewUI.CreditFlowExtLendLightStream" />
                <testcase name="CreditFlowLightStream" time="55.587" classname="regLoansNewUI.CreditFlowExtLendLightStream" />
      
</testsuite>
