<?xml version="1.0" encoding="UTF-8"?>
<testsuite name="Regression"
           tests="6"
           failures="0"
           errors="0"
           skipped="0"
           time="293.180">
  <properties />
  
  
            <testcase name="CreditFinMarketFlow" time="48.570" classname="regLoansNewUI.CreditFlowExtLendFinMarket" />
                <testcase name="CreditFinMarketFlow" time="49.578" classname="regLoansNewUI.CreditFlowExtLendFinMarket" />
                <testcase name="CreditFinMarketFlow" time="48.145" classname="regLoansNewUI.CreditFlowExtLendFinMarket" />
                <testcase name="CreditFinMarketFlow" time="48.777" classname="regLoansNewUI.CreditFlowExtLendFinMarket" />
                <testcase name="CreditFinMarketFlow" time="48.032" classname="regLoansNewUI.CreditFlowExtLendFinMarket" />
                <testcase name="CreditFinMarketFlow" time="50.078" classname="regLoansNewUI.CreditFlowExtLendFinMarket" />
      
</testsuite>
