<?xml version="1.0" encoding="UTF-8"?>
<testsuite name="Regression"
           tests="6"
           failures="0"
           errors="0"
           skipped="0"
           time="299.788">
  <properties />
  
  
            <testcase name="LightStream" time="51.916" classname="regloanscripts.LargeDollarLS_LSFM_Red" />
                <testcase name="LightStream" time="52.018" classname="regloanscripts.LargeDollarLS_LSFM_Red" />
                <testcase name="LightStream" time="45.260" classname="regloanscripts.LargeDollarLS_LSFM_Red" />
                <testcase name="LightStream" time="53.124" classname="regloanscripts.LargeDollarLS_LSFM_Red" />
                <testcase name="LightStream" time="51.856" classname="regloanscripts.LargeDollarLS_LSFM_Red" />
                <testcase name="LightStream" time="45.614" classname="regloanscripts.LargeDollarLS_LSFM_Red" />
      
</testsuite>
