<?xml version="1.0" encoding="UTF-8"?>
<testsuite name="RegLoansCycle1"
           tests="3"
           failures="0"
           errors="0"
           skipped="0"
           time="560.429">
  <properties />
  
  
            <testcase name="customer2Loan_Reject_Other" time="187.585" classname="regLoansNewUI.TwoLoanTests" />
                <testcase name="customer2Loan_Reject_Other" time="186.847" classname="regLoansNewUI.TwoLoanTests" />
                <testcase name="customer2Loan_Reject_Other" time="185.997" classname="regLoansNewUI.TwoLoanTests" />
      
</testsuite>
