<?xml version="1.0" encoding="UTF-8"?>
<testsuite name="RegLoanCustRejec"
           tests="7"
           failures="0"
           errors="0"
           skipped="0"
           time="613.990">
  <properties />
  
  
            <testcase name="customer_Loan_Reject" time="86.427" classname="regLoansNewUI.NoCredit_Verify_Loan_Reject" />
                <testcase name="customer_Loan_Reject" time="85.818" classname="regLoansNewUI.NoCredit_Verify_Loan_Reject" />
                <testcase name="customer_Loan_Reject" time="88.982" classname="regLoansNewUI.NoCredit_Verify_Loan_Reject" />
                <testcase name="customer_Loan_Reject" time="86.870" classname="regLoansNewUI.NoCredit_Verify_Loan_Reject" />
                <testcase name="customer_Loan_Reject" time="86.747" classname="regLoansNewUI.NoCredit_Verify_Loan_Reject" />
                <testcase name="customer_Loan_Reject" time="91.173" classname="regLoansNewUI.NoCredit_Verify_Loan_Reject" />
                <testcase name="customer_Loan_Reject" time="87.973" classname="regLoansNewUI.NoCredit_Verify_Loan_Reject" />
      
</testsuite>
