<?xml version="1.0" encoding="UTF-8"?>
<testsuite name="Regression"
           tests="6"
           failures="0"
           errors="0"
           skipped="0"
           time="340.952">
  <properties />
  
  
            <testcase name="createCustomer" time="45.843" classname="testcases.NewCustomer" />
                <testcase name="createCustomer" time="46.649" classname="testcases.NewCustomer" />
                <testcase name="createCustomer" time="50.641" classname="testcases.NewCustomer" />
                <testcase name="createCustomer" time="52.832" classname="testcases.NewCustomer" />
                <testcase name="createCustomer" time="49.245" classname="testcases.NewCustomer" />
                <testcase name="createCustomer" time="95.742" classname="testcases.NewCustomer" />
      
</testsuite>
