<?xml version="1.0" encoding="UTF-8"?>
<!-- Generated by org.testng.reporters.JUnitXMLReporter -->
<testsuite hostname="DESKTOP-KCMKG2H" ignored="0" name="RegLoansCycle1" tests="8" failures="0" timestamp="06 Apr 2022 06:36:41 GMT" time="1327.166" errors="0">
  <testcase name="customerOneLoan_Reject_Other" time="133.661" classname="regLoansNewUI.OneLoanTests"/>
  <testcase name="customerOneLoan_Reject_Other" time="132.088" classname="regLoansNewUI.OneLoanTests"/>
  <testcase name="customerOneLoan_Reject_Other" time="129.305" classname="regLoansNewUI.OneLoanTests"/>
  <testcase name="customerOneLoan_Reject_Other" time="130.959" classname="regLoansNewUI.OneLoanTests"/>
  <testcase name="customer2Loan_Reject_Other" time="186.847" classname="regLoansNewUI.TwoLoanTests"/>
  <testcase name="customer2Loan_Reject_Other" time="187.585" classname="regLoansNewUI.TwoLoanTests"/>
  <testcase name="customer2Loan_Reject_Other" time="185.997" classname="regLoansNewUI.TwoLoanTests"/>
  <testcase name="customer3Loan_Reject_Other" time="240.245" classname="regLoansNewUI.ThreeLoanTests"/>
</testsuite> <!-- RegLoansCycle1 -->
