<?xml version="1.0" encoding="UTF-8"?>
<!-- Generated by org.testng.reporters.JUnitXMLReporter -->
<testsuite hostname="DESKTOP-KCMKG2H" ignored="0" name="RegressionMakePayment" tests="2" failures="0" timestamp="01 Apr 2022 10:34:47 GMT" time="255.662" errors="0">
  <testcase name="NavigateCustomerHome" time="162.532" classname="regLoansNewUI.CustomerHomeNavigations"/>
  <testcase name="NoCreditNavigate" time="92.441" classname="regLoansNewUI.NoCreditNavigations"/>
</testsuite> <!-- RegressionMakePayment -->
